In file included from threadpool.h:15,
                 from main.cpp:1:
locker.h:15:22: error: semphore.h: No such file or directory
In file included from threadpool.h:15,
                 from main.cpp:1:
locker.h:45: error: ‘sem_t’ does not name a type
locker.h: In constructor ‘sem::sem()’:
locker.h:23: error: ‘m_sem’ was not declared in this scope
locker.h:23: error: ‘sem_init’ was not declared in this scope
locker.h: In destructor ‘sem::~sem()’:
locker.h:31: error: ‘m_sem’ was not declared in this scope
locker.h:31: error: ‘sem_destroy’ was not declared in this scope
locker.h: In member function ‘bool sem::wait()’:
locker.h:36: error: ‘m_sem’ was not declared in this scope
locker.h:36: error: ‘sem_wait’ was not declared in this scope
locker.h: In member function ‘bool sem::post()’:
locker.h:41: error: ‘m_sem’ was not declared in this scope
locker.h:41: error: ‘sem_post’ was not declared in this scope
locker.h: In member function ‘bool locker::lock()’:
locker.h:67: error: ‘mutex’ was not declared in this scope
In file included from main.cpp:1:
threadpool.h: At global scope:
threadpool.h:21: error: expected unqualified-id before ‘.’ token
threadpool.h:45: error: ‘threadpool’ is not a template
threadpool.h:45: error: explicit qualification in declaration of ‘threadpool threadpool(int, int)’
threadpool.h: In function ‘threadpool threadpool(int, int)’:
threadpool.h:45: error: return type ‘struct threadpool’ is incomplete
threadpool.h:46: error: only constructors take base initializers
threadpool.h:55: error: ‘m_threads’ was not declared in this scope
threadpool.h:55: error: ‘m_thread_number’ was not declared in this scope
threadpool.h:63: error: ‘worker’ was not declared in this scope
threadpool.h:63: error: invalid use of ‘this’ in non-member function
threadpool.h: At global scope:
threadpool.h:78: error: expected constructor, destructor, or type conversion before ‘::’ token
threadpool.h:85: error: expected initializer before ‘::’ token
threadpool.h:101: error: expected initializer before ‘::’ token
threadpool.h:110: error: expected initializer before ‘::’ token
main.cpp: In function ‘int main(int, char**)’:
main.cpp:53: error: ‘pool’ was not declared in this scope
main.cpp:56: error: expected type-specifier
main.cpp:56: error: expected ‘;’
main.cpp:68: error: no matching function for call to ‘conn::conn()’
main.cpp:20: note: candidates are: conn::conn(int)
main.cpp:18: note:                 conn::conn(const conn&)
main.cpp:75: error: ‘errno’ was not declared in this scope
main.cpp:75: error: ‘EINTR’ was not declared in this scope
main.cpp:87: error: invalid cast from type ‘sockaddr_in’ to type ‘sockaddr*’
main.cpp:119: error: ‘users’ was not declared in this scope
main.cpp:120: error: type ‘<type error>’ argument given to ‘delete’, expected pointer
/home/test/http_protect/httpd.c: In function ‘void print_log(const char*, int)’:
/home/test/http_protect/httpd.c:10: warning: deprecated conversion from string constant to ‘char*’
/home/test/http_protect/httpd.c:10: warning: deprecated conversion from string constant to ‘char*’
/home/test/http_protect/httpd.c:10: warning: deprecated conversion from string constant to ‘char*’
/home/test/http_protect/httpd.c: In function ‘int echo_error(int, int)’:
/home/test/http_protect/httpd.c:104: warning: deprecated conversion from string constant to ‘char*’
/home/test/http_protect/httpd.c:108: warning: deprecated conversion from string constant to ‘char*’
/home/test/http_protect/httpd.c:112: warning: deprecated conversion from string constant to ‘char*’
/home/test/http_protect/httpd.c:116: warning: deprecated conversion from string constant to ‘char*’
/home/test/http_protect/httpd.c:120: warning: deprecated conversion from string constant to ‘char*’
/home/test/http_protect/httpd.c: In function ‘int deal_accept_request(int)’:
/home/test/http_protect/httpd.c:490: error: ‘fd’ was not declared in this scope
/home/test/http_protect/httpd.c:497: error: ‘fd’ was not declared in this scope
make: *** [httpd] Error 1
In file included from threadpool.h:15,
                 from main.cpp:1:
locker.h:15:22: error: semphore.h: No such file or directory
In file included from threadpool.h:15,
                 from main.cpp:1:
locker.h:45: error: ‘sem_t’ does not name a type
locker.h: In constructor ‘sem::sem()’:
locker.h:23: error: ‘m_sem’ was not declared in this scope
locker.h:23: error: ‘sem_init’ was not declared in this scope
locker.h: In destructor ‘sem::~sem()’:
locker.h:31: error: ‘m_sem’ was not declared in this scope
locker.h:31: error: ‘sem_destroy’ was not declared in this scope
locker.h: In member function ‘bool sem::wait()’:
locker.h:36: error: ‘m_sem’ was not declared in this scope
locker.h:36: error: ‘sem_wait’ was not declared in this scope
locker.h: In member function ‘bool sem::post()’:
locker.h:41: error: ‘m_sem’ was not declared in this scope
locker.h:41: error: ‘sem_post’ was not declared in this scope
locker.h: In member function ‘bool locker::lock()’:
locker.h:67: error: ‘mutex’ was not declared in this scope
In file included from main.cpp:1:
threadpool.h: At global scope:
threadpool.h:21: error: expected unqualified-id before ‘.’ token
threadpool.h:45: error: ‘threadpool’ is not a template
threadpool.h:45: error: explicit qualification in declaration of ‘threadpool threadpool(int, int)’
threadpool.h: In function ‘threadpool threadpool(int, int)’:
threadpool.h:45: error: return type ‘struct threadpool’ is incomplete
threadpool.h:46: error: only constructors take base initializers
threadpool.h:55: error: ‘m_threads’ was not declared in this scope
threadpool.h:55: error: ‘m_thread_number’ was not declared in this scope
threadpool.h:63: error: ‘worker’ was not declared in this scope
threadpool.h:63: error: invalid use of ‘this’ in non-member function
threadpool.h: At global scope:
threadpool.h:78: error: expected constructor, destructor, or type conversion before ‘::’ token
threadpool.h:85: error: expected initializer before ‘::’ token
threadpool.h:101: error: expected initializer before ‘::’ token
threadpool.h:110: error: expected initializer before ‘::’ token
main.cpp: In function ‘int main(int, char**)’:
main.cpp:53: error: ‘pool’ was not declared in this scope
main.cpp:56: error: expected type-specifier
main.cpp:56: error: expected ‘;’
main.cpp:68: error: no matching function for call to ‘conn::conn()’
main.cpp:20: note: candidates are: conn::conn(int)
main.cpp:18: note:                 conn::conn(const conn&)
main.cpp:75: error: ‘errno’ was not declared in this scope
main.cpp:75: error: ‘EINTR’ was not declared in this scope
main.cpp:87: error: invalid cast from type ‘sockaddr_in’ to type ‘sockaddr*’
main.cpp:119: error: ‘users’ was not declared in this scope
main.cpp:120: error: type ‘<type error>’ argument given to ‘delete’, expected pointer
/home/test/http_protect/httpd.c: In function ‘void print_log(const char*, int)’:
/home/test/http_protect/httpd.c:10: warning: deprecated conversion from string constant to ‘char*’
/home/test/http_protect/httpd.c:10: warning: deprecated conversion from string constant to ‘char*’
/home/test/http_protect/httpd.c:10: warning: deprecated conversion from string constant to ‘char*’
/home/test/http_protect/httpd.c: In function ‘int echo_error(int, int)’:
/home/test/http_protect/httpd.c:104: warning: deprecated conversion from string constant to ‘char*’
/home/test/http_protect/httpd.c:108: warning: deprecated conversion from string constant to ‘char*’
/home/test/http_protect/httpd.c:112: warning: deprecated conversion from string constant to ‘char*’
/home/test/http_protect/httpd.c:116: warning: deprecated conversion from string constant to ‘char*’
/home/test/http_protect/httpd.c:120: warning: deprecated conversion from string constant to ‘char*’
/home/test/http_protect/httpd.c: In function ‘int deal_accept_request(int)’:
/home/test/http_protect/httpd.c:490: error: ‘fd’ was not declared in this scope
/home/test/http_protect/httpd.c:497: error: ‘fd’ was not declared in this scope
make: *** [httpd] Error 1
